Using pre-set license
Built from '2020.2/staging' branch; Version is '2020.2.7f1 (c53830e277f1) revision 12924976'; Using compiler version '192528614'; Build Type 'Release'
OS: 'Windows 10 Home Single Language; OS build 22621.2715; Version 2009; 64bit' Language: 'ru' Physical Memory: 7957 MB
BatchMode: 1, IsHumanControllingUs: 0, StartBugReporterOnCrash: 0, Is64bit: 1, IsPro: 0

 COMMAND LINE ARGUMENTS:
C:\Program Files\Unity\Hub\Editor\2019.4.11f1\Editor\Unity.exe
-adb2
-batchMode
-noUpm
-name
AssetImportWorker0
-projectPath
C:/Users/79061/SynergyLearning/SynegyRocket
-logFile
Logs/AssetImportWorker0.log
-srvPort
55970
Successfully changed project path to: C:/Users/79061/SynergyLearning/SynegyRocket
C:/Users/79061/SynergyLearning/SynegyRocket
Using Asset Import Pipeline V2.
Refreshing native plugins compatible for Editor in 0.18 ms, found 0 plugins.
Preloading 0 native plugins for Editor in 0.00 ms.
Initialize engine version: 2020.2.7f1 (c53830e277f1)
[Subsystems] Discovering subsystems at path C:/Program Files/Unity/Hub/Editor/2019.4.11f1/Editor/Data/Resources/UnitySubsystems
[Subsystems] Discovering subsystems at path C:/Users/79061/SynergyLearning/SynegyRocket/Assets
GfxDevice: creating device client; threaded=0
Direct3D:
    Version:  Direct3D 11.0 [level 11.1]
    Renderer: Intel(R) UHD Graphics (ID=0x9a78)
    Vendor:   
    VRAM:     3978 MB
    Driver:   31.0.101.4502
Initialize mono
Mono path[0] = 'C:/Program Files/Unity/Hub/Editor/2019.4.11f1/Editor/Data/Managed'
Mono path[1] = 'C:/Program Files/Unity/Hub/Editor/2019.4.11f1/Editor/Data/MonoBleedingEdge/lib/mono/unityjit'
Mono config path = 'C:/Program Files/Unity/Hub/Editor/2019.4.11f1/Editor/Data/MonoBleedingEdge/etc'
Using monoOptions --debugger-agent=transport=dt_socket,embedding=1,server=y,suspend=n,address=127.0.0.1:56392
Begin MonoManager ReloadAssembly
Registering precompiled unity dll's ...
Register platform support module: C:/Program Files/Unity/Hub/Editor/2019.4.11f1/Editor/Data/PlaybackEngines/WindowsStandaloneSupport/UnityEditor.WindowsStandalone.Extensions.dll
Registered in 0.001094 seconds.
Native extension for WindowsStandalone target not found
Refreshing native plugins compatible for Editor in 0.19 ms, found 0 plugins.
Preloading 0 native plugins for Editor in 0.00 ms.
Invoked RoslynAnalysisRunner static constructor.
RoslynAnalysisRunner will not be running.
RoslynAnalysisRunner has terminated.
Mono: successfully reloaded assembly
- Completed reload, in  0.989 seconds
Platform modules already initialized, skipping
Registering precompiled user dll's ...
Registered in 0.000015 seconds.
Begin MonoManager ReloadAssembly
Native extension for WindowsStandalone target not found
Refreshing native plugins compatible for Editor in 0.02 ms, found 0 plugins.
Preloading 0 native plugins for Editor in 0.00 ms.
Invoked RoslynAnalysisRunner static constructor.
RoslynAnalysisRunner will not be running.
RoslynAnalysisRunner has terminated.
Mono: successfully reloaded assembly
- Completed reload, in  0.779 seconds
Platform modules already initialized, skipping
========================================================================
Worker process is ready to serve import requests
Launched and connected shader compiler UnityShaderCompiler.exe after 0.05 seconds
Refreshing native plugins compatible for Editor in 0.01 ms, found 0 plugins.
Preloading 0 native plugins for Editor in 0.00 ms.
Unloading 6 Unused Serialized files (Serialized files now loaded: 0)
System memory in use before: 24.0 MB.
System memory in use after: 24.0 MB.

Unloading 2 unused Assets to reduce memory usage. Loaded Objects now: 443.
Total: 1.508300 ms (FindLiveObjects: 0.055100 ms CreateObjectMapping: 0.004600 ms MarkObjects: 1.377200 ms  DeleteObjects: 0.069600 ms)

========================================================================
Received Import Request.
  path: Assets/Scenes
  artifactKey: Guid(d22ad63224d031c4eabecd323a5d7658) Importer(815301076,1909f56bfc062723c751e8b465ee728b)
Start importing Assets/Scenes using Guid(d22ad63224d031c4eabecd323a5d7658) Importer(815301076,1909f56bfc062723c751e8b465ee728b)  -> (artifact id: 'e566158e62e45c0ccfd975e0afbbfca5') in 0.005367 seconds
  Import took 0.007267 seconds .

========================================================================
Received Prepare
Registering precompiled user dll's ...
Registered in 0.000913 seconds.
Begin MonoManager ReloadAssembly
Native extension for WindowsStandalone target not found
Refreshing native plugins compatible for Editor in 39.59 ms, found 1 plugins.
Preloading 0 native plugins for Editor in 0.00 ms.
Invoked RoslynAnalysisRunner static constructor.
RoslynAnalysisRunner will not be running.
RoslynAnalysisRunner has terminated.
Mono: successfully reloaded assembly
- Completed reload, in  1.052 seconds
Platform modules already initialized, skipping
Refreshing native plugins compatible for Editor in 1.16 ms, found 1 plugins.
Preloading 0 native plugins for Editor in 0.00 ms.
Unloading 1801 Unused Serialized files (Serialized files now loaded: 0)
System memory in use before: 84.0 MB.
System memory in use after: 84.0 MB.

Unloading 10 unused Assets to reduce memory usage. Loaded Objects now: 2249.
Total: 2.194900 ms (FindLiveObjects: 0.308700 ms CreateObjectMapping: 0.108200 ms MarkObjects: 1.637900 ms  DeleteObjects: 0.137800 ms)

========================================================================
Received Import Request.
  Time since last request: 98.919121 seconds.
  path: Assets/Rocket 1.prefab
  artifactKey: Guid(d6f26d28442af2047adeef4384e46aed) Importer(815301076,1909f56bfc062723c751e8b465ee728b)
Start importing Assets/Rocket 1.prefab using Guid(d6f26d28442af2047adeef4384e46aed) Importer(815301076,1909f56bfc062723c751e8b465ee728b)  -> (artifact id: 'e1d8ac291a4220b1eedd1e7e10079d1a') in 0.216099 seconds
  Import took 0.222683 seconds .

========================================================================
Received Import Request.
  Time since last request: 0.000253 seconds.
  path: Assets/Rocket.prefab
  artifactKey: Guid(b034b4dac6073934e8574f2227bb74f5) Importer(815301076,1909f56bfc062723c751e8b465ee728b)
Start importing Assets/Rocket.prefab using Guid(b034b4dac6073934e8574f2227bb74f5) Importer(815301076,1909f56bfc062723c751e8b465ee728b)  -> (artifact id: 'f2bdeed7cd9fd0fad079e404ff3cf68f') in 0.025342 seconds
  Import took 0.029091 seconds .

========================================================================
Received Import Request.
  Time since last request: 0.005011 seconds.
  path: Assets/Rocket.prefab
  artifactKey: Guid(b034b4dac6073934e8574f2227bb74f5) Importer(815301076,1909f56bfc062723c751e8b465ee728b)
Start importing Assets/Rocket.prefab using Guid(b034b4dac6073934e8574f2227bb74f5) Importer(815301076,1909f56bfc062723c751e8b465ee728b)  -> (artifact id: 'f2bdeed7cd9fd0fad079e404ff3cf68f') in 0.028455 seconds
  Import took 0.032296 seconds .

========================================================================
Received Prepare
Registering precompiled user dll's ...
Registered in 0.000702 seconds.
Begin MonoManager ReloadAssembly
Native extension for WindowsStandalone target not found
Refreshing native plugins compatible for Editor in 0.31 ms, found 1 plugins.
Preloading 0 native plugins for Editor in 0.00 ms.
Invoked RoslynAnalysisRunner static constructor.
RoslynAnalysisRunner will not be running.
RoslynAnalysisRunner has terminated.
Mono: successfully reloaded assembly
- Completed reload, in  0.719 seconds
Platform modules already initialized, skipping
Refreshing native plugins compatible for Editor in 0.31 ms, found 1 plugins.
Preloading 0 native plugins for Editor in 0.00 ms.
Unloading 1871 Unused Serialized files (Serialized files now loaded: 0)
System memory in use before: 89.0 MB.
System memory in use after: 89.0 MB.

Unloading 12 unused Assets to reduce memory usage. Loaded Objects now: 2330.
Total: 1.712800 ms (FindLiveObjects: 0.138400 ms CreateObjectMapping: 0.033100 ms MarkObjects: 1.450300 ms  DeleteObjects: 0.089800 ms)

========================================================================
Received Prepare
Registering precompiled user dll's ...
Registered in 0.000690 seconds.
Begin MonoManager ReloadAssembly
Native extension for WindowsStandalone target not found
Refreshing native plugins compatible for Editor in 0.32 ms, found 1 plugins.
Preloading 0 native plugins for Editor in 0.00 ms.
Invoked RoslynAnalysisRunner static constructor.
RoslynAnalysisRunner will not be running.
RoslynAnalysisRunner has terminated.
Mono: successfully reloaded assembly
- Completed reload, in  0.703 seconds
Platform modules already initialized, skipping
Refreshing native plugins compatible for Editor in 0.32 ms, found 1 plugins.
Preloading 0 native plugins for Editor in 0.00 ms.
Unloading 1871 Unused Serialized files (Serialized files now loaded: 0)
System memory in use before: 89.0 MB.
System memory in use after: 89.0 MB.

Unloading 12 unused Assets to reduce memory usage. Loaded Objects now: 2334.
Total: 1.718400 ms (FindLiveObjects: 0.138400 ms CreateObjectMapping: 0.033000 ms MarkObjects: 1.440700 ms  DeleteObjects: 0.104700 ms)

========================================================================
Received Import Request.
  Time since last request: 105.040920 seconds.
  path: Assets/Scenes
  artifactKey: Guid(f8f9c02c4d4ed449fa7133bb7d660e43) Importer(815301076,1909f56bfc062723c751e8b465ee728b)
Start importing Assets/Scenes using Guid(f8f9c02c4d4ed449fa7133bb7d660e43) Importer(815301076,1909f56bfc062723c751e8b465ee728b)  -> (artifact id: 'a0ffce3dd48eaf68eb87ede36699e8b3') in 0.005968 seconds
  Import took 0.008686 seconds .

========================================================================
Received Import Request.
  Time since last request: 0.006083 seconds.
  path: Assets/Scenes
  artifactKey: Guid(f8f9c02c4d4ed449fa7133bb7d660e43) Importer(815301076,1909f56bfc062723c751e8b465ee728b)
Start importing Assets/Scenes using Guid(f8f9c02c4d4ed449fa7133bb7d660e43) Importer(815301076,1909f56bfc062723c751e8b465ee728b)  -> (artifact id: 'a0ffce3dd48eaf68eb87ede36699e8b3') in 0.001979 seconds
  Import took 0.006198 seconds .

========================================================================
Received Import Request.
  Time since last request: 2.583810 seconds.
  path: Assets/Scenes/SampleScene.unity
  artifactKey: Guid(2cda990e2423bbf4892e6590ba056729) Importer(815301076,1909f56bfc062723c751e8b465ee728b)
Start importing Assets/Scenes/SampleScene.unity using Guid(2cda990e2423bbf4892e6590ba056729) Importer(815301076,1909f56bfc062723c751e8b465ee728b)  -> (artifact id: '262b5029f35a6875be0db744751f3b30') in 0.009282 seconds
  Import took 0.011930 seconds .

========================================================================
Received Import Request.
  Time since last request: 8.404535 seconds.
  path: Assets/Scenes/Levels
  artifactKey: Guid(82c4e5b5deb654f49aeff39b0ab94306) Importer(815301076,1909f56bfc062723c751e8b465ee728b)
Start importing Assets/Scenes/Levels using Guid(82c4e5b5deb654f49aeff39b0ab94306) Importer(815301076,1909f56bfc062723c751e8b465ee728b)  -> (artifact id: 'd1f92e8010d3fb634c9641c4d4e62975') in 0.002919 seconds
  Import took 0.006722 seconds .

========================================================================
Received Import Request.
  Time since last request: 0.000462 seconds.
  path: Assets/Scenes/Levels
  artifactKey: Guid(82c4e5b5deb654f49aeff39b0ab94306) Importer(815301076,1909f56bfc062723c751e8b465ee728b)
Start importing Assets/Scenes/Levels using Guid(82c4e5b5deb654f49aeff39b0ab94306) Importer(815301076,1909f56bfc062723c751e8b465ee728b)  -> (artifact id: 'd1f92e8010d3fb634c9641c4d4e62975') in 0.001945 seconds
  Import took 0.005385 seconds .

========================================================================
Received Import Request.
  Time since last request: 2.001781 seconds.
  path: Assets/Scenes/Levels/0.unity
  artifactKey: Guid(b5e85da203154234b9ea239731166e19) Importer(815301076,1909f56bfc062723c751e8b465ee728b)
Start importing Assets/Scenes/Levels/0.unity using Guid(b5e85da203154234b9ea239731166e19) Importer(815301076,1909f56bfc062723c751e8b465ee728b)  -> (artifact id: 'a5c3ac0b761f18318bd3e93a2b46d946') in 0.003839 seconds
  Import took 0.007550 seconds .

========================================================================
Received Prepare
Registering precompiled user dll's ...
Registered in 0.001045 seconds.
Begin MonoManager ReloadAssembly
Native extension for WindowsStandalone target not found
Refreshing native plugins compatible for Editor in 0.31 ms, found 1 plugins.
Preloading 0 native plugins for Editor in 0.00 ms.
Invoked RoslynAnalysisRunner static constructor.
RoslynAnalysisRunner will not be running.
RoslynAnalysisRunner has terminated.
Mono: successfully reloaded assembly
- Completed reload, in  0.692 seconds
Platform modules already initialized, skipping
Refreshing native plugins compatible for Editor in 0.30 ms, found 1 plugins.
Preloading 0 native plugins for Editor in 0.00 ms.
Unloading 1871 Unused Serialized files (Serialized files now loaded: 0)
System memory in use before: 89.1 MB.
System memory in use after: 89.1 MB.

Unloading 12 unused Assets to reduce memory usage. Loaded Objects now: 2338.
Total: 1.928900 ms (FindLiveObjects: 0.233600 ms CreateObjectMapping: 0.045100 ms MarkObjects: 1.537600 ms  DeleteObjects: 0.110600 ms)

========================================================================
Received Import Request.
  Time since last request: 20.630775 seconds.
  path: Assets/Scenes/Levels/1.unity
  artifactKey: Guid(2fc200014d4ff06488fbd9bb8b5330f3) Importer(815301076,1909f56bfc062723c751e8b465ee728b)
Start importing Assets/Scenes/Levels/1.unity using Guid(2fc200014d4ff06488fbd9bb8b5330f3) Importer(815301076,1909f56bfc062723c751e8b465ee728b)  -> (artifact id: 'abc57c5c0c27cbecf6b82a93953e7ad7') in 0.013890 seconds
  Import took 0.018900 seconds .

========================================================================
Received Prepare
Registering precompiled user dll's ...
Registered in 0.001086 seconds.
Begin MonoManager ReloadAssembly
Native extension for WindowsStandalone target not found
Refreshing native plugins compatible for Editor in 0.31 ms, found 1 plugins.
Preloading 0 native plugins for Editor in 0.00 ms.
Invoked RoslynAnalysisRunner static constructor.
RoslynAnalysisRunner will not be running.
RoslynAnalysisRunner has terminated.
Mono: successfully reloaded assembly
- Completed reload, in  0.735 seconds
Platform modules already initialized, skipping
Refreshing native plugins compatible for Editor in 0.31 ms, found 1 plugins.
Preloading 0 native plugins for Editor in 0.00 ms.
Unloading 1871 Unused Serialized files (Serialized files now loaded: 0)
System memory in use before: 89.1 MB.
System memory in use after: 89.1 MB.

Unloading 12 unused Assets to reduce memory usage. Loaded Objects now: 2342.
Total: 1.988800 ms (FindLiveObjects: 0.267700 ms CreateObjectMapping: 0.061700 ms MarkObjects: 1.493500 ms  DeleteObjects: 0.164400 ms)

========================================================================
Received Import Request.
  Time since last request: 819.941086 seconds.
  path: Assets/Scenes/Menu
  artifactKey: Guid(f56474ea62c7b0446818e06807e6f8be) Importer(815301076,1909f56bfc062723c751e8b465ee728b)
Start importing Assets/Scenes/Menu using Guid(f56474ea62c7b0446818e06807e6f8be) Importer(815301076,1909f56bfc062723c751e8b465ee728b)  -> (artifact id: 'e5eadfa53044a3c0a50e764cc8ab9678') in 0.015376 seconds
  Import took 0.019009 seconds .

========================================================================
Received Import Request.
  Time since last request: 1.977391 seconds.
  path: Assets/Scenes/Menu/LevelMenu
  artifactKey: Guid(3c6dcaf596426294081c49eb782c6824) Importer(815301076,1909f56bfc062723c751e8b465ee728b)
Start importing Assets/Scenes/Menu/LevelMenu using Guid(3c6dcaf596426294081c49eb782c6824) Importer(815301076,1909f56bfc062723c751e8b465ee728b)  -> (artifact id: 'e88f4d243947352c988486c0feff6467') in 0.003474 seconds
  Import took 0.007954 seconds .

========================================================================
Received Import Request.
  Time since last request: 0.747583 seconds.
  path: Assets/Scenes/Menu/LevelMenu/location1.unity
  artifactKey: Guid(901b5ed180f183a42a4a0f49c7c6ff02) Importer(815301076,1909f56bfc062723c751e8b465ee728b)
Start importing Assets/Scenes/Menu/LevelMenu/location1.unity using Guid(901b5ed180f183a42a4a0f49c7c6ff02) Importer(815301076,1909f56bfc062723c751e8b465ee728b)  -> (artifact id: 'e37efa7fe52461b23c4a3d52df8fd37b') in 0.023207 seconds
  Import took 0.026969 seconds .

========================================================================
Received Prepare
Registering precompiled user dll's ...
Registered in 0.001414 seconds.
Begin MonoManager ReloadAssembly
Native extension for WindowsStandalone target not found
Refreshing native plugins compatible for Editor in 0.54 ms, found 1 plugins.
Preloading 0 native plugins for Editor in 0.00 ms.
Invoked RoslynAnalysisRunner static constructor.
RoslynAnalysisRunner will not be running.
RoslynAnalysisRunner has terminated.
Mono: successfully reloaded assembly
- Completed reload, in  0.942 seconds
Platform modules already initialized, skipping
Refreshing native plugins compatible for Editor in 0.36 ms, found 1 plugins.
Preloading 0 native plugins for Editor in 0.00 ms.
Unloading 1871 Unused Serialized files (Serialized files now loaded: 0)
System memory in use before: 89.1 MB.
System memory in use after: 89.1 MB.

Unloading 12 unused Assets to reduce memory usage. Loaded Objects now: 2346.
Total: 2.946100 ms (FindLiveObjects: 0.584900 ms CreateObjectMapping: 0.078900 ms MarkObjects: 2.163500 ms  DeleteObjects: 0.116600 ms)

========================================================================
Received Prepare
Registering precompiled user dll's ...
Registered in 0.001385 seconds.
Begin MonoManager ReloadAssembly
Native extension for WindowsStandalone target not found
Refreshing native plugins compatible for Editor in 0.58 ms, found 1 plugins.
Preloading 0 native plugins for Editor in 0.00 ms.
Invoked RoslynAnalysisRunner static constructor.
RoslynAnalysisRunner will not be running.
RoslynAnalysisRunner has terminated.
Mono: successfully reloaded assembly
- Completed reload, in  1.118 seconds
Platform modules already initialized, skipping
Refreshing native plugins compatible for Editor in 0.32 ms, found 1 plugins.
Preloading 0 native plugins for Editor in 0.00 ms.
Unloading 1871 Unused Serialized files (Serialized files now loaded: 0)
System memory in use before: 89.1 MB.
System memory in use after: 89.1 MB.

Unloading 12 unused Assets to reduce memory usage. Loaded Objects now: 2350.
Total: 2.000500 ms (FindLiveObjects: 0.226600 ms CreateObjectMapping: 0.044400 ms MarkObjects: 1.625900 ms  DeleteObjects: 0.102300 ms)

========================================================================
Received Prepare
Registering precompiled user dll's ...
Registered in 0.004842 seconds.
Begin MonoManager ReloadAssembly
Native extension for WindowsStandalone target not found
Refreshing native plugins compatible for Editor in 0.51 ms, found 1 plugins.
Preloading 0 native plugins for Editor in 0.00 ms.
Invoked RoslynAnalysisRunner static constructor.
RoslynAnalysisRunner will not be running.
RoslynAnalysisRunner has terminated.
Mono: successfully reloaded assembly
- Completed reload, in  1.613 seconds
Platform modules already initialized, skipping
Switching build target platform(5) subTarget(0) extendedPlatform(0) -> platform(13) subTarget(537395200) extendedPlatform(0)
Refreshing native plugins compatible for Editor in 1.19 ms, found 1 plugins.
Preloading 0 native plugins for Editor in 0.00 ms.
Unloading 1875 Unused Serialized files (Serialized files now loaded: 0)
System memory in use before: 89.2 MB.
System memory in use after: 89.2 MB.

Unloading 12 unused Assets to reduce memory usage. Loaded Objects now: 2354.
Total: 18.467100 ms (FindLiveObjects: 0.422800 ms CreateObjectMapping: 0.231400 ms MarkObjects: 16.527800 ms  DeleteObjects: 1.282300 ms)

AssetImportParameters requested are different than current active one (requested -> active):
  custom:graphics/normal-map-encoding: 01000000000000000000000000000000 -> 02000000000000000000000000000000
========================================================================
Received Prepare
Registering precompiled user dll's ...
Registered in 0.001625 seconds.
Begin MonoManager ReloadAssembly
Native extension for WindowsStandalone target not found
Refreshing native plugins compatible for Editor in 0.97 ms, found 1 plugins.
Preloading 0 native plugins for Editor in 0.00 ms.
Invoked RoslynAnalysisRunner static constructor.
RoslynAnalysisRunner will not be running.
RoslynAnalysisRunner has terminated.
Mono: successfully reloaded assembly
- Completed reload, in  3.215 seconds
Platform modules already initialized, skipping
Switching build target platform(5) subTarget(0) extendedPlatform(0) -> platform(13) subTarget(537395200) extendedPlatform(0)
Refreshing native plugins compatible for Editor in 0.37 ms, found 1 plugins.
Preloading 0 native plugins for Editor in 0.00 ms.
Unloading 1875 Unused Serialized files (Serialized files now loaded: 0)
System memory in use before: 89.2 MB.
System memory in use after: 89.2 MB.

Unloading 12 unused Assets to reduce memory usage. Loaded Objects now: 2358.
Total: 3.345000 ms (FindLiveObjects: 0.270600 ms CreateObjectMapping: 0.074200 ms MarkObjects: 2.809300 ms  DeleteObjects: 0.187600 ms)

AssetImportParameters requested are different than current active one (requested -> active):
  custom:graphics/normal-map-encoding: 01000000000000000000000000000000 -> 02000000000000000000000000000000
AssetImportWorkerClient::OnTransportError - code=2 error=End of file
